# JRE version: Java(TM) SE Runtime Environment (17.0.11+7) (build 17.0.11+7-LTS-207)
# Java VM: Java HotSpot(TM) 64-Bit Server VM (17.0.11+7-LTS-207, mixed mode, sharing, tiered, compressed oops, compressed class ptrs, g1 gc, windows-amd64)
GC Precious Log:
 CPUs: 4 total, 4 available
 Memory: 12190M
 Large Page Support: Disabled
 NUMA Support: Disabled
 Compressed Oops: Enabled (32-bit)
 Heap Region Size: 1M
 Heap Min Capacity: 8M
 Heap Initial Capacity: 192M
 Heap Max Capacity: 2G
 Pre-touch: Disabled
 Parallel Workers: 4
 Concurrent Workers: 1
 Concurrent Refinement Workers: 4
 Periodic GC: Disabled
Heap:
 garbage-first heap   total 196608K, used 113794K [0x0000000080000000, 0x0000000100000000)
  region size 1024K, 102 young (104448K), 2 survivors (2048K)
 Metaspace       used 20016K, committed 20288K, reserved 491520K
  class space    used 2938K, committed 3072K, reserved 425984K
GC Heap History (6 events):
Event: 2.112 GC heap before
{Heap before GC invocations=0 (full 0):
 garbage-first heap   total 196608K, used 13312K [0x0000000080000000, 0x0000000100000000)
  region size 1024K, 13 young (13312K), 0 survivors (0K)
 Metaspace       used 1049K, committed 1152K, reserved 491520K
  class space    used 82K, committed 128K, reserved 425984K
}
Event: 2.151 GC heap after
{Heap after GC invocations=1 (full 0):
 garbage-first heap   total 196608K, used 3677K [0x0000000080000000, 0x0000000100000000)
  region size 1024K, 2 young (2048K), 2 survivors (2048K)
 Metaspace       used 1049K, committed 1152K, reserved 491520K
  class space    used 82K, committed 128K, reserved 425984K
}
Event: 4.192 GC heap before
{Heap before GC invocations=1 (full 0):
 garbage-first heap   total 196608K, used 22109K [0x0000000080000000, 0x0000000100000000)
  region size 1024K, 17 young (17408K), 2 survivors (2048K)
 Metaspace       used 3905K, committed 4096K, reserved 491520K
  class space    used 488K, committed 576K, reserved 425984K
}
Event: 4.196 GC heap after
{Heap after GC invocations=2 (full 0):
 garbage-first heap   total 196608K, used 10843K [0x0000000080000000, 0x0000000100000000)
  region size 1024K, 3 young (3072K), 3 survivors (3072K)
 Metaspace       used 3905K, committed 4096K, reserved 491520K
  class space    used 488K, committed 576K, reserved 425984K
}
Event: 15.075 GC heap before
{Heap before GC invocations=2 (full 0):
 garbage-first heap   total 196608K, used 33371K [0x0000000080000000, 0x0000000100000000)
  region size 1024K, 25 young (25600K), 3 survivors (3072K)
 Metaspace       used 4028K, committed 4224K, reserved 491520K
  class space    used 490K, committed 576K, reserved 425984K
}
Event: 15.078 GC heap after
{Heap after GC invocations=3 (full 0):
 garbage-first heap   total 196608K, used 12418K [0x0000000080000000, 0x0000000100000000)
  region size 1024K, 2 young (2048K), 2 survivors (2048K)
 Metaspace       used 4028K, committed 4224K, reserved 491520K
  class space    used 490K, committed 576K, reserved 425984K
}

